0 info it worked if it ends with ok
1 verbose cli [ '/usr/local/bin/node', '/usr/local/bin/npm', 'install' ]
2 info using npm@2.15.1
3 info using node@v4.4.3
4 verbose readDependencies loading dependencies from /Users/hayleenighbert/Development/wehack/site/package.json
5 warn package.json site@1.0.0 No description
6 warn package.json site@1.0.0 No repository field.
7 warn package.json site@1.0.0 No README data
8 verbose install where, deps [ '/Users/hayleenighbert/Development/wehack/site',
8 verbose install   [ 'body-parser',
8 verbose install     'browserify',
8 verbose install     'envify',
8 verbose install     'express',
8 verbose install     'gulp',
8 verbose install     'react',
8 verbose install     'react-dom',
8 verbose install     'reactify',
8 verbose install     'uglify',
8 verbose install     'vinyl-source-stream',
8 verbose install     'watchify' ] ]
9 verbose install where, peers [ '/Users/hayleenighbert/Development/wehack/site', [] ]
10 verbose installManyTop reading for lifecycle /Users/hayleenighbert/Development/wehack/site/package.json
11 info preinstall site@1.0.0
12 verbose installManyTop reading scoped package data from /Users/hayleenighbert/Development/wehack/site/node_modules/body-parser/package.json
13 verbose installManyTop reading scoped package data from /Users/hayleenighbert/Development/wehack/site/node_modules/browserify/package.json
14 verbose installManyTop reading scoped package data from /Users/hayleenighbert/Development/wehack/site/node_modules/envify/package.json
15 verbose installManyTop reading scoped package data from /Users/hayleenighbert/Development/wehack/site/node_modules/express/package.json
16 verbose installManyTop reading scoped package data from /Users/hayleenighbert/Development/wehack/site/node_modules/gulp/package.json
17 verbose installManyTop reading scoped package data from /Users/hayleenighbert/Development/wehack/site/node_modules/material-ui/package.json
18 verbose installManyTop reading scoped package data from /Users/hayleenighbert/Development/wehack/site/node_modules/react/package.json
19 verbose installManyTop reading scoped package data from /Users/hayleenighbert/Development/wehack/site/node_modules/react-dom/package.json
20 verbose installManyTop reading scoped package data from /Users/hayleenighbert/Development/wehack/site/node_modules/react-tap-event-plugin/package.json
21 verbose installManyTop reading scoped package data from /Users/hayleenighbert/Development/wehack/site/node_modules/reactify/package.json
22 verbose installManyTop reading scoped package data from /Users/hayleenighbert/Development/wehack/site/node_modules/uglify/package.json
23 verbose installManyTop reading scoped package data from /Users/hayleenighbert/Development/wehack/site/node_modules/vinyl-source-stream/package.json
24 verbose installManyTop reading scoped package data from /Users/hayleenighbert/Development/wehack/site/node_modules/watchify/package.json
25 info package.json uglify@0.1.5 No license field.
26 info package.json react-tap-event-plugin@1.0.0 No license field.
27 verbose readDependencies loading dependencies from /Users/hayleenighbert/Development/wehack/site/package.json
28 verbose targetResolver reading package data from /Users/hayleenighbert/Development/wehack/site/node_modules/body-parser/package.json
29 verbose targetResolver reading package data from /Users/hayleenighbert/Development/wehack/site/node_modules/browserify/package.json
30 verbose targetResolver reading package data from /Users/hayleenighbert/Development/wehack/site/node_modules/envify/package.json
31 verbose targetResolver reading package data from /Users/hayleenighbert/Development/wehack/site/node_modules/express/package.json
32 verbose targetResolver reading package data from /Users/hayleenighbert/Development/wehack/site/node_modules/gulp/package.json
33 verbose targetResolver reading package data from /Users/hayleenighbert/Development/wehack/site/node_modules/material-ui/package.json
34 verbose targetResolver reading package data from /Users/hayleenighbert/Development/wehack/site/node_modules/react/package.json
35 verbose targetResolver reading package data from /Users/hayleenighbert/Development/wehack/site/node_modules/react-dom/package.json
36 verbose targetResolver reading package data from /Users/hayleenighbert/Development/wehack/site/node_modules/react-tap-event-plugin/package.json
37 verbose targetResolver reading package data from /Users/hayleenighbert/Development/wehack/site/node_modules/reactify/package.json
38 verbose targetResolver reading package data from /Users/hayleenighbert/Development/wehack/site/node_modules/uglify/package.json
39 verbose targetResolver reading package data from /Users/hayleenighbert/Development/wehack/site/node_modules/vinyl-source-stream/package.json
40 verbose targetResolver reading package data from /Users/hayleenighbert/Development/wehack/site/node_modules/watchify/package.json
41 verbose targetResolver reading package data from /Users/hayleenighbert/Development/wehack/site/node_modules/.bin/browserify/package.json
42 verbose targetResolver reading package data from /Users/hayleenighbert/Development/wehack/site/node_modules/.bin/envify/package.json
43 verbose targetResolver reading package data from /Users/hayleenighbert/Development/wehack/site/node_modules/.bin/gulp/package.json
44 verbose targetResolver reading package data from /Users/hayleenighbert/Development/wehack/site/node_modules/.bin/uglify/package.json
45 verbose targetResolver reading package data from /Users/hayleenighbert/Development/wehack/site/node_modules/.bin/watchify/package.json
46 verbose already installed skipping uglify@^0.1.5 /Users/hayleenighbert/Development/wehack/site
47 verbose already installed skipping vinyl-source-stream@^1.1.0 /Users/hayleenighbert/Development/wehack/site
48 verbose already installed skipping watchify@^3.6.1 /Users/hayleenighbert/Development/wehack/site
49 verbose already installed skipping body-parser@^1.14.1 /Users/hayleenighbert/Development/wehack/site
50 verbose already installed skipping browserify@^12.0.1 /Users/hayleenighbert/Development/wehack/site
51 verbose already installed skipping envify@^3.4.0 /Users/hayleenighbert/Development/wehack/site
52 verbose already installed skipping express@^4.13.3 /Users/hayleenighbert/Development/wehack/site
53 verbose already installed skipping gulp@^3.9.0 /Users/hayleenighbert/Development/wehack/site
54 verbose already installed skipping react@^0.14.3 /Users/hayleenighbert/Development/wehack/site
55 verbose already installed skipping react-dom@^0.14.3 /Users/hayleenighbert/Development/wehack/site
56 verbose already installed skipping reactify@^1.1.1 /Users/hayleenighbert/Development/wehack/site
57 silly install resolved []
58 info build /Users/hayleenighbert/Development/wehack/site
59 info linkStuff site@1.0.0
60 silly linkStuff site@1.0.0 has /Users/hayleenighbert/Development/wehack as its parent node_modules
61 verbose linkBins site@1.0.0
62 verbose linkMans site@1.0.0
63 verbose rebuildBundles site@1.0.0
64 verbose rebuildBundles [ '.bin',
64 verbose rebuildBundles   'body-parser',
64 verbose rebuildBundles   'browserify',
64 verbose rebuildBundles   'envify',
64 verbose rebuildBundles   'express',
64 verbose rebuildBundles   'gulp',
64 verbose rebuildBundles   'material-ui',
64 verbose rebuildBundles   'react',
64 verbose rebuildBundles   'react-dom',
64 verbose rebuildBundles   'react-tap-event-plugin',
64 verbose rebuildBundles   'reactify',
64 verbose rebuildBundles   'uglify',
64 verbose rebuildBundles   'vinyl-source-stream',
64 verbose rebuildBundles   'watchify' ]
65 verbose rebuild bundle /Users/hayleenighbert/Development/wehack/site/node_modules/material-ui
66 info build /Users/hayleenighbert/Development/wehack/site/node_modules/material-ui
67 info preinstall material-ui@0.15.0
68 info linkStuff material-ui@0.15.0
69 silly linkStuff material-ui@0.15.0 has /Users/hayleenighbert/Development/wehack/site/node_modules as its parent node_modules
70 verbose linkBins material-ui@0.15.0
71 verbose linkMans material-ui@0.15.0
72 verbose rebuildBundles material-ui@0.15.0
73 verbose rebuildBundles [ 'inline-style-prefixer',
73 verbose rebuildBundles   'keycode',
73 verbose rebuildBundles   'lodash.merge',
73 verbose rebuildBundles   'lodash.throttle',
73 verbose rebuildBundles   'react',
73 verbose rebuildBundles   'react-addons-create-fragment',
73 verbose rebuildBundles   'react-addons-transition-group',
73 verbose rebuildBundles   'react-addons-update',
73 verbose rebuildBundles   'react-event-listener',
73 verbose rebuildBundles   'recompose',
73 verbose rebuildBundles   'simple-assign',
73 verbose rebuildBundles   'warning' ]
74 verbose rebuild bundle /Users/hayleenighbert/Development/wehack/site/node_modules/material-ui/node_modules/react
75 info build /Users/hayleenighbert/Development/wehack/site/node_modules/material-ui/node_modules/react
76 info preinstall react@15.0.2
77 info linkStuff react@15.0.2
78 silly linkStuff react@15.0.2 has /Users/hayleenighbert/Development/wehack/site/node_modules/material-ui/node_modules as its parent node_modules
79 verbose linkBins react@15.0.2
80 verbose linkMans react@15.0.2
81 verbose rebuildBundles react@15.0.2
82 verbose rebuildBundles [ 'fbjs', 'loose-envify', 'object-assign' ]
83 info install react@15.0.2
84 info postinstall react@15.0.2
85 info install material-ui@0.15.0
86 info postinstall material-ui@0.15.0
87 verbose rebuild bundle /Users/hayleenighbert/Development/wehack/site/node_modules/react-tap-event-plugin
88 info build /Users/hayleenighbert/Development/wehack/site/node_modules/react-tap-event-plugin
89 info preinstall react-tap-event-plugin@1.0.0
90 info linkStuff react-tap-event-plugin@1.0.0
91 silly linkStuff react-tap-event-plugin@1.0.0 has /Users/hayleenighbert/Development/wehack/site/node_modules as its parent node_modules
92 verbose linkBins react-tap-event-plugin@1.0.0
93 verbose linkMans react-tap-event-plugin@1.0.0
94 verbose rebuildBundles react-tap-event-plugin@1.0.0
95 verbose rebuildBundles [ 'fbjs' ]
96 info install react-tap-event-plugin@1.0.0
97 info postinstall react-tap-event-plugin@1.0.0
98 info install site@1.0.0
99 info postinstall site@1.0.0
100 info prepublish site@1.0.0
101 verbose validateInstall loading /Users/hayleenighbert/Development/wehack/site/package.json for validation
102 verbose stack Error: The package react@0.14.8 does not satisfy its siblings' peerDependencies requirements!
102 verbose stack     at /usr/local/lib/node_modules/npm/lib/install.js:125:32
102 verbose stack     at /usr/local/lib/node_modules/npm/lib/install.js:268:7
102 verbose stack     at /usr/local/lib/node_modules/npm/node_modules/read-installed/read-installed.js:142:5
102 verbose stack     at /usr/local/lib/node_modules/npm/node_modules/read-installed/read-installed.js:263:14
102 verbose stack     at cb (/usr/local/lib/node_modules/npm/node_modules/slide/lib/async-map.js:47:24)
102 verbose stack     at /usr/local/lib/node_modules/npm/node_modules/read-installed/read-installed.js:263:14
102 verbose stack     at cb (/usr/local/lib/node_modules/npm/node_modules/slide/lib/async-map.js:47:24)
102 verbose stack     at /usr/local/lib/node_modules/npm/node_modules/read-installed/read-installed.js:263:14
102 verbose stack     at cb (/usr/local/lib/node_modules/npm/node_modules/slide/lib/async-map.js:47:24)
102 verbose stack     at /usr/local/lib/node_modules/npm/node_modules/read-installed/read-installed.js:263:14
103 verbose cwd /Users/hayleenighbert/Development/wehack/site
104 error Darwin 15.4.0
105 error argv "/usr/local/bin/node" "/usr/local/bin/npm" "install"
106 error node v4.4.3
107 error npm  v2.15.1
108 error code EPEERINVALID
109 error peerinvalid The package react@0.14.8 does not satisfy its siblings' peerDependencies requirements!
109 error peerinvalid Peer react-dom@0.14.8 wants react@^0.14.8
109 error peerinvalid Peer react-tap-event-plugin@1.0.0 wants react@^15.0.0-0
109 error peerinvalid Peer material-ui@0.15.0 wants react@^15.0.0
110 verbose exit [ 1, true ]
